{"C:\\Users\\nasca\\Documents\\SenaiProject\\prova-qa-pleno-01897-2024-089.858.629-10\\API\\index.js": {"path":"C:\\Users\\nasca\\Documents\\SenaiProject\\prova-qa-pleno-01897-2024-089.858.629-10\\API\\index.js","statementMap":{"0":{"start":{"line":1,"column":16},"end":{"line":1,"column":34}},"1":{"start":{"line":2,"column":15},"end":{"line":2,"column":28}},"2":{"start":{"line":3,"column":13},"end":{"line":3,"column":28}},"3":{"start":{"line":5,"column":12},"end":{"line":5,"column":21}},"4":{"start":{"line":6,"column":13},"end":{"line":6,"column":17}},"5":{"start":{"line":8,"column":0},"end":{"line":8,"column":16}},"6":{"start":{"line":9,"column":0},"end":{"line":9,"column":24}},"7":{"start":{"line":11,"column":13},"end":{"line":17,"column":2}},"8":{"start":{"line":29,"column":0},"end":{"line":40,"column":3}},"9":{"start":{"line":30,"column":32},"end":{"line":30,"column":40}},"10":{"start":{"line":31,"column":4},"end":{"line":39,"column":5}},"11":{"start":{"line":32,"column":24},"end":{"line":35,"column":9}},"12":{"start":{"line":36,"column":8},"end":{"line":36,"column":34}},"13":{"start":{"line":38,"column":8},"end":{"line":38,"column":35}},"14":{"start":{"line":44,"column":0},"end":{"line":51,"column":3}},"15":{"start":{"line":45,"column":4},"end":{"line":50,"column":5}},"16":{"start":{"line":46,"column":25},"end":{"line":46,"column":64}},"17":{"start":{"line":47,"column":8},"end":{"line":47,"column":32}},"18":{"start":{"line":49,"column":8},"end":{"line":49,"column":35}},"19":{"start":{"line":54,"column":0},"end":{"line":63,"column":3}},"20":{"start":{"line":55,"column":17},"end":{"line":55,"column":27}},"21":{"start":{"line":56,"column":4},"end":{"line":62,"column":5}},"22":{"start":{"line":57,"column":22},"end":{"line":57,"column":81}},"23":{"start":{"line":58,"column":8},"end":{"line":58,"column":32}},"24":{"start":{"line":59,"column":8},"end":{"line":59,"column":40}},"25":{"start":{"line":61,"column":8},"end":{"line":61,"column":35}},"26":{"start":{"line":67,"column":0},"end":{"line":80,"column":3}},"27":{"start":{"line":68,"column":17},"end":{"line":68,"column":27}},"28":{"start":{"line":69,"column":33},"end":{"line":69,"column":41}},"29":{"start":{"line":71,"column":4},"end":{"line":79,"column":5}},"30":{"start":{"line":72,"column":28},"end":{"line":75,"column":9}},"31":{"start":{"line":76,"column":8},"end":{"line":76,"column":38}},"32":{"start":{"line":78,"column":8},"end":{"line":78,"column":35}},"33":{"start":{"line":82,"column":0},"end":{"line":90,"column":3}},"34":{"start":{"line":83,"column":17},"end":{"line":83,"column":27}},"35":{"start":{"line":84,"column":4},"end":{"line":89,"column":5}},"36":{"start":{"line":85,"column":8},"end":{"line":85,"column":66}},"37":{"start":{"line":86,"column":8},"end":{"line":86,"column":58}},"38":{"start":{"line":88,"column":8},"end":{"line":88,"column":35}},"39":{"start":{"line":92,"column":0},"end":{"line":96,"column":1}},"40":{"start":{"line":93,"column":4},"end":{"line":95,"column":7}},"41":{"start":{"line":94,"column":8},"end":{"line":94,"column":57}},"42":{"start":{"line":98,"column":0},"end":{"line":98,"column":21}}},"fnMap":{"0":{"name":"(anonymous_0)","decl":{"start":{"line":29,"column":23},"end":{"line":29,"column":24}},"loc":{"start":{"line":29,"column":43},"end":{"line":40,"column":1}},"line":29},"1":{"name":"(anonymous_1)","decl":{"start":{"line":44,"column":22},"end":{"line":44,"column":23}},"loc":{"start":{"line":44,"column":42},"end":{"line":51,"column":1}},"line":44},"2":{"name":"(anonymous_2)","decl":{"start":{"line":54,"column":26},"end":{"line":54,"column":27}},"loc":{"start":{"line":54,"column":46},"end":{"line":63,"column":1}},"line":54},"3":{"name":"(anonymous_3)","decl":{"start":{"line":67,"column":26},"end":{"line":67,"column":27}},"loc":{"start":{"line":67,"column":46},"end":{"line":80,"column":1}},"line":67},"4":{"name":"(anonymous_4)","decl":{"start":{"line":82,"column":29},"end":{"line":82,"column":30}},"loc":{"start":{"line":82,"column":49},"end":{"line":90,"column":1}},"line":82},"5":{"name":"(anonymous_5)","decl":{"start":{"line":93,"column":21},"end":{"line":93,"column":22}},"loc":{"start":{"line":93,"column":27},"end":{"line":95,"column":5}},"line":93}},"branchMap":{"0":{"loc":{"start":{"line":92,"column":0},"end":{"line":96,"column":1}},"type":"if","locations":[{"start":{"line":92,"column":0},"end":{"line":96,"column":1}},{"start":{},"end":{}}],"line":92}},"s":{"0":1,"1":1,"2":1,"3":1,"4":1,"5":1,"6":1,"7":1,"8":1,"9":1,"10":1,"11":1,"12":1,"13":0,"14":1,"15":1,"16":1,"17":1,"18":0,"19":1,"20":2,"21":2,"22":2,"23":2,"24":2,"25":2,"26":1,"27":1,"28":1,"29":1,"30":1,"31":1,"32":0,"33":1,"34":1,"35":1,"36":1,"37":1,"38":0,"39":1,"40":0,"41":0,"42":1},"f":{"0":1,"1":1,"2":2,"3":1,"4":1,"5":0},"b":{"0":[0,1]},"_coverageSchema":"1a1c01bbd47fc00a2c39e90264f33305004495a9","hash":"6053c06e530aee3dd8e59c9210d164a635dc8e16"}
}
