TN:
SF:index.js
FN:29,(anonymous_0)
FN:44,(anonymous_1)
FN:54,(anonymous_2)
FN:67,(anonymous_3)
FN:82,(anonymous_4)
FN:93,(anonymous_5)
FNF:6
FNH:5
FNDA:1,(anonymous_0)
FNDA:1,(anonymous_1)
FNDA:2,(anonymous_2)
FNDA:1,(anonymous_3)
FNDA:1,(anonymous_4)
FNDA:0,(anonymous_5)
DA:1,1
DA:2,1
DA:3,1
DA:5,1
DA:6,1
DA:8,1
DA:9,1
DA:11,1
DA:29,1
DA:30,1
DA:31,1
DA:32,1
DA:36,1
DA:38,0
DA:44,1
DA:45,1
DA:46,1
DA:47,1
DA:49,0
DA:54,1
DA:55,2
DA:56,2
DA:57,2
DA:58,2
DA:59,2
DA:61,2
DA:67,1
DA:68,1
DA:69,1
DA:71,1
DA:72,1
DA:76,1
DA:78,0
DA:82,1
DA:83,1
DA:84,1
DA:85,1
DA:86,1
DA:88,0
DA:92,1
DA:93,0
DA:94,0
DA:98,1
LF:43
LH:37
BRDA:92,0,0,0
BRDA:92,0,1,1
BRF:2
BRH:1
end_of_record
